\BOOKMARK [1][-]{section*.1}{\376\377\166\356\223\004}{}% 1
\BOOKMARK [1][-]{section*.2}{\376\377\173\054\116\000\172\340\000\040\000\040\175\322\212\326}{}% 2
\BOOKMARK [2][-]{section*.3}{\376\377\0001\000.\0001\000\040\170\024\172\166\200\314\146\157\202\007\122\325\152\137}{section*.2}% 3
\BOOKMARK [2][-]{section*.4}{\376\377\0001\000.\0002\000\040\170\024\172\166\155\101\172\013}{section*.2}% 4
\BOOKMARK [1][-]{section*.6}{\376\377\173\054\116\214\172\340\000\040\000\040\145\207\163\173\170\024\172\166}{}% 5
\BOOKMARK [2][-]{section*.7}{\376\377\0002\000.\0001\000\040\122\006\147\220\145\271\137\017\174\041\116\313}{section*.6}% 6
\BOOKMARK [2][-]{section*.8}{\376\377\0002\000.\0002\000\040\212\326\145\207\202\007\166\370\225\334\170\024\172\166\123\303\200\003}{section*.6}% 7
\BOOKMARK [1][-]{section*.9}{\376\377\173\054\116\011\172\340\000\040\000\040\170\024\172\166\145\271\154\325}{}% 8
\BOOKMARK [2][-]{section*.10}{\376\377\0003\000.\0001\000\040\117\177\165\050\131\127\116\366}{section*.9}% 9
\BOOKMARK [2][-]{section*.11}{\376\377\0003\000.\0002\000\040\145\207\133\127\143\242\122\330}{section*.9}% 10
\BOOKMARK [2][-]{section*.14}{\376\377\0003\000.\0003\000\040\214\307\145\231\211\226\211\272\123\026}{section*.9}% 11
\BOOKMARK [1][-]{section*.16}{\376\377\173\054\126\333\172\340\000\040\000\040\170\024\172\166\143\242\212\016\202\007\122\006\147\220}{}% 12
\BOOKMARK [2][-]{section*.17}{\376\377\0004\000.\0001\000\040\145\170\144\332\156\005\164\006}{section*.16}% 13
\BOOKMARK [2][-]{section*.21}{\376\377\0004\000.\0002\000\040\145\207\133\127\226\362}{section*.16}% 14
\BOOKMARK [2][-]{section*.23}{\376\377\0004\000.\0003\000\040\175\262\215\357\127\026}{section*.16}% 15
\BOOKMARK [2][-]{section*.27}{\376\377\0004\000.\0004\000\040\000M\000D\000S}{section*.16}% 16
\BOOKMARK [2][-]{section*.29}{\376\377\0004\000.\0005\000\040\000J\000a\000c\000c\000a\000r\000d}{section*.16}% 17
\BOOKMARK [2][-]{section*.32}{\376\377\0004\000.\0006\000\040\000P\000C\000A}{section*.16}% 18
\BOOKMARK [2][-]{section*.34}{\376\377\0004\000.\0007\000\040\000t\000-\000S\000N\000E}{section*.16}% 19
\BOOKMARK [1][-]{section*.36}{\376\377\173\054\116\224\172\340\000\040\000\040\175\120\212\326\123\312\136\372\213\160}{}% 20
\BOOKMARK [1][-]{section*.37}{\376\377\123\303\200\003\145\207\163\173}{}% 21
\BOOKMARK [1][-]{section*.39}{\376\377\226\104\223\004}{}% 22
\BOOKMARK [2][-]{section*.40}{\376\377\000R\000\040\212\236\212\000\172\013\137\017\170\274}{section*.39}% 23
\BOOKMARK [2][-]{section*.41}{\376\377\214\307\145\231\152\224\150\110}{section*.39}% 24
